18-11-2025 17:54:54 [error]: listen EADDRINUSE: address already in use :::5000
Stack: Error: listen EADDRINUSE: address already in use :::5000
    at Server.setupListenHandle [as _listen2] (node:net:1940:16)
    at listenInCluster (node:net:1997:12)
    at Server.listen (node:net:2102:7)
    at AppServer (file:///C:/Users/jpatel/Desktop/career-bridge/backend/app.js:98:12)
    at process.processTicksAndRejections (node:internal/process/task_queues:103:5)
18-11-2025 18:02:03 [error]: listen EADDRINUSE: address already in use :::5000
Stack: Error: listen EADDRINUSE: address already in use :::5000
    at Server.setupListenHandle [as _listen2] (node:net:1940:16)
    at listenInCluster (node:net:1997:12)
    at Server.listen (node:net:2102:7)
    at AppServer (file:///C:/Users/jpatel/Desktop/career-bridge/backend/app.js:98:12)
    at process.processTicksAndRejections (node:internal/process/task_queues:103:5)
19-11-2025 11:24:34 [error]: listen EADDRINUSE: address already in use :::5000
Stack: Error: listen EADDRINUSE: address already in use :::5000
    at Server.setupListenHandle [as _listen2] (node:net:1940:16)
    at listenInCluster (node:net:1997:12)
    at Server.listen (node:net:2102:7)
    at AppServer (file:///C:/Users/jpatel/Desktop/career-bridge/backend/app.js:98:12)
    at process.processTicksAndRejections (node:internal/process/task_queues:103:5)
19-11-2025 11:35:27 [error]: listen EADDRINUSE: address already in use :::5000
Stack: Error: listen EADDRINUSE: address already in use :::5000
    at Server.setupListenHandle [as _listen2] (node:net:1940:16)
    at listenInCluster (node:net:1997:12)
    at Server.listen (node:net:2102:7)
    at AppServer (file:///C:/Users/jpatel/Desktop/career-bridge/backend/app.js:98:12)
    at process.processTicksAndRejections (node:internal/process/task_queues:103:5)
19-11-2025 11:35:31 [error]: listen EADDRINUSE: address already in use :::5000
Stack: Error: listen EADDRINUSE: address already in use :::5000
    at Server.setupListenHandle [as _listen2] (node:net:1940:16)
    at listenInCluster (node:net:1997:12)
    at Server.listen (node:net:2102:7)
    at AppServer (file:///C:/Users/jpatel/Desktop/career-bridge/backend/app.js:98:12)
    at process.processTicksAndRejections (node:internal/process/task_queues:103:5)
19-11-2025 11:35:45 [error]: listen EADDRINUSE: address already in use :::5000
Stack: Error: listen EADDRINUSE: address already in use :::5000
    at Server.setupListenHandle [as _listen2] (node:net:1940:16)
    at listenInCluster (node:net:1997:12)
    at Server.listen (node:net:2102:7)
    at AppServer (file:///C:/Users/jpatel/Desktop/career-bridge/backend/app.js:98:12)
    at process.processTicksAndRejections (node:internal/process/task_queues:103:5)
19-11-2025 11:35:49 [error]: listen EADDRINUSE: address already in use :::5000
Stack: Error: listen EADDRINUSE: address already in use :::5000
    at Server.setupListenHandle [as _listen2] (node:net:1940:16)
    at listenInCluster (node:net:1997:12)
    at Server.listen (node:net:2102:7)
    at AppServer (file:///C:/Users/jpatel/Desktop/career-bridge/backend/app.js:98:12)
    at process.processTicksAndRejections (node:internal/process/task_queues:103:5)
19-11-2025 11:41:17 [error]: listen EADDRINUSE: address already in use :::5000
Stack: Error: listen EADDRINUSE: address already in use :::5000
    at Server.setupListenHandle [as _listen2] (node:net:1940:16)
    at listenInCluster (node:net:1997:12)
    at Server.listen (node:net:2102:7)
    at AppServer (file:///C:/Users/jpatel/Desktop/career-bridge/backend/app.js:98:12)
    at process.processTicksAndRejections (node:internal/process/task_queues:103:5)
19-11-2025 11:41:22 [error]: listen EADDRINUSE: address already in use :::5000
Stack: Error: listen EADDRINUSE: address already in use :::5000
    at Server.setupListenHandle [as _listen2] (node:net:1940:16)
    at listenInCluster (node:net:1997:12)
    at Server.listen (node:net:2102:7)
    at AppServer (file:///C:/Users/jpatel/Desktop/career-bridge/backend/app.js:98:12)
    at process.processTicksAndRejections (node:internal/process/task_queues:103:5)
19-11-2025 11:41:25 [error]: listen EADDRINUSE: address already in use :::5000
Stack: Error: listen EADDRINUSE: address already in use :::5000
    at Server.setupListenHandle [as _listen2] (node:net:1940:16)
    at listenInCluster (node:net:1997:12)
    at Server.listen (node:net:2102:7)
    at AppServer (file:///C:/Users/jpatel/Desktop/career-bridge/backend/app.js:98:12)
    at process.processTicksAndRejections (node:internal/process/task_queues:103:5)
19-11-2025 11:41:27 [error]: listen EADDRINUSE: address already in use :::5000
Stack: Error: listen EADDRINUSE: address already in use :::5000
    at Server.setupListenHandle [as _listen2] (node:net:1940:16)
    at listenInCluster (node:net:1997:12)
    at Server.listen (node:net:2102:7)
    at AppServer (file:///C:/Users/jpatel/Desktop/career-bridge/backend/app.js:98:12)
    at process.processTicksAndRejections (node:internal/process/task_queues:103:5)
19-11-2025 11:41:32 [error]: listen EADDRINUSE: address already in use :::5000
Stack: Error: listen EADDRINUSE: address already in use :::5000
    at Server.setupListenHandle [as _listen2] (node:net:1940:16)
    at listenInCluster (node:net:1997:12)
    at Server.listen (node:net:2102:7)
    at AppServer (file:///C:/Users/jpatel/Desktop/career-bridge/backend/app.js:98:12)
    at process.processTicksAndRejections (node:internal/process/task_queues:103:5)
19-11-2025 11:43:08 [error]: listen EADDRINUSE: address already in use :::5000
Stack: Error: listen EADDRINUSE: address already in use :::5000
    at Server.setupListenHandle [as _listen2] (node:net:1940:16)
    at listenInCluster (node:net:1997:12)
    at Server.listen (node:net:2102:7)
    at AppServer (file:///C:/Users/jpatel/Desktop/career-bridge/backend/app.js:98:12)
    at process.processTicksAndRejections (node:internal/process/task_queues:103:5)
19-11-2025 13:29:06 [error]: listen EADDRINUSE: address already in use :::5000
Stack: Error: listen EADDRINUSE: address already in use :::5000
    at Server.setupListenHandle [as _listen2] (node:net:1940:16)
    at listenInCluster (node:net:1997:12)
    at Server.listen (node:net:2102:7)
    at AppServer (file:///C:/Users/jpatel/Desktop/career-bridge/backend/app.js:98:12)
    at process.processTicksAndRejections (node:internal/process/task_queues:103:5)
19-11-2025 13:29:10 [error]: listen EADDRINUSE: address already in use :::5000
Stack: Error: listen EADDRINUSE: address already in use :::5000
    at Server.setupListenHandle [as _listen2] (node:net:1940:16)
    at listenInCluster (node:net:1997:12)
    at Server.listen (node:net:2102:7)
    at AppServer (file:///C:/Users/jpatel/Desktop/career-bridge/backend/app.js:98:12)
    at process.processTicksAndRejections (node:internal/process/task_queues:103:5)
19-11-2025 13:29:26 [error]: listen EADDRINUSE: address already in use :::5000
Stack: Error: listen EADDRINUSE: address already in use :::5000
    at Server.setupListenHandle [as _listen2] (node:net:1940:16)
    at listenInCluster (node:net:1997:12)
    at Server.listen (node:net:2102:7)
    at AppServer (file:///C:/Users/jpatel/Desktop/career-bridge/backend/app.js:98:12)
    at process.processTicksAndRejections (node:internal/process/task_queues:103:5)
19-11-2025 13:31:52 [error]: listen EADDRINUSE: address already in use :::5000
Stack: Error: listen EADDRINUSE: address already in use :::5000
    at Server.setupListenHandle [as _listen2] (node:net:1940:16)
    at listenInCluster (node:net:1997:12)
    at Server.listen (node:net:2102:7)
    at AppServer (file:///C:/Users/jpatel/Desktop/career-bridge/backend/app.js:98:12)
    at process.processTicksAndRejections (node:internal/process/task_queues:103:5)
19-11-2025 13:33:34 [error]: listen EADDRINUSE: address already in use :::5000
Stack: Error: listen EADDRINUSE: address already in use :::5000
    at Server.setupListenHandle [as _listen2] (node:net:1940:16)
    at listenInCluster (node:net:1997:12)
    at Server.listen (node:net:2102:7)
    at AppServer (file:///C:/Users/jpatel/Desktop/career-bridge/backend/app.js:98:12)
    at process.processTicksAndRejections (node:internal/process/task_queues:103:5)
19-11-2025 13:33:46 [error]: listen EADDRINUSE: address already in use :::5000
Stack: Error: listen EADDRINUSE: address already in use :::5000
    at Server.setupListenHandle [as _listen2] (node:net:1940:16)
    at listenInCluster (node:net:1997:12)
    at Server.listen (node:net:2102:7)
    at AppServer (file:///C:/Users/jpatel/Desktop/career-bridge/backend/app.js:98:12)
    at process.processTicksAndRejections (node:internal/process/task_queues:103:5)
19-11-2025 13:33:57 [error]: listen EADDRINUSE: address already in use :::5000
Stack: Error: listen EADDRINUSE: address already in use :::5000
    at Server.setupListenHandle [as _listen2] (node:net:1940:16)
    at listenInCluster (node:net:1997:12)
    at Server.listen (node:net:2102:7)
    at AppServer (file:///C:/Users/jpatel/Desktop/career-bridge/backend/app.js:98:12)
    at process.processTicksAndRejections (node:internal/process/task_queues:103:5)
19-11-2025 13:34:13 [error]: listen EADDRINUSE: address already in use :::5000
Stack: Error: listen EADDRINUSE: address already in use :::5000
    at Server.setupListenHandle [as _listen2] (node:net:1940:16)
    at listenInCluster (node:net:1997:12)
    at Server.listen (node:net:2102:7)
    at AppServer (file:///C:/Users/jpatel/Desktop/career-bridge/backend/app.js:98:12)
    at process.processTicksAndRejections (node:internal/process/task_queues:103:5)
19-11-2025 13:34:57 [error]: listen EADDRINUSE: address already in use :::5000
Stack: Error: listen EADDRINUSE: address already in use :::5000
    at Server.setupListenHandle [as _listen2] (node:net:1940:16)
    at listenInCluster (node:net:1997:12)
    at Server.listen (node:net:2102:7)
    at AppServer (file:///C:/Users/jpatel/Desktop/career-bridge/backend/app.js:98:12)
    at process.processTicksAndRejections (node:internal/process/task_queues:103:5)
19-11-2025 13:38:35 [error]: listen EADDRINUSE: address already in use :::5000
Stack: Error: listen EADDRINUSE: address already in use :::5000
    at Server.setupListenHandle [as _listen2] (node:net:1940:16)
    at listenInCluster (node:net:1997:12)
    at Server.listen (node:net:2102:7)
    at AppServer (file:///C:/Users/jpatel/Desktop/career-bridge/backend/app.js:98:12)
    at process.processTicksAndRejections (node:internal/process/task_queues:103:5)
19-11-2025 13:38:38 [error]: listen EADDRINUSE: address already in use :::5000
Stack: Error: listen EADDRINUSE: address already in use :::5000
    at Server.setupListenHandle [as _listen2] (node:net:1940:16)
    at listenInCluster (node:net:1997:12)
    at Server.listen (node:net:2102:7)
    at AppServer (file:///C:/Users/jpatel/Desktop/career-bridge/backend/app.js:98:12)
    at process.processTicksAndRejections (node:internal/process/task_queues:103:5)
19-11-2025 13:53:03 [error]: listen EADDRINUSE: address already in use :::5000
Stack: Error: listen EADDRINUSE: address already in use :::5000
    at Server.setupListenHandle [as _listen2] (node:net:1940:16)
    at listenInCluster (node:net:1997:12)
    at Server.listen (node:net:2102:7)
    at AppServer (file:///C:/Users/jpatel/Desktop/career-bridge/backend/app.js:98:12)
    at process.processTicksAndRejections (node:internal/process/task_queues:103:5)
19-11-2025 13:53:10 [error]: listen EADDRINUSE: address already in use :::5000
Stack: Error: listen EADDRINUSE: address already in use :::5000
    at Server.setupListenHandle [as _listen2] (node:net:1940:16)
    at listenInCluster (node:net:1997:12)
    at Server.listen (node:net:2102:7)
    at AppServer (file:///C:/Users/jpatel/Desktop/career-bridge/backend/app.js:98:12)
    at process.processTicksAndRejections (node:internal/process/task_queues:103:5)
19-11-2025 13:53:12 [error]: listen EADDRINUSE: address already in use :::5000
Stack: Error: listen EADDRINUSE: address already in use :::5000
    at Server.setupListenHandle [as _listen2] (node:net:1940:16)
    at listenInCluster (node:net:1997:12)
    at Server.listen (node:net:2102:7)
    at AppServer (file:///C:/Users/jpatel/Desktop/career-bridge/backend/app.js:98:12)
    at process.processTicksAndRejections (node:internal/process/task_queues:103:5)
19-11-2025 13:53:14 [error]: listen EADDRINUSE: address already in use :::5000
Stack: Error: listen EADDRINUSE: address already in use :::5000
    at Server.setupListenHandle [as _listen2] (node:net:1940:16)
    at listenInCluster (node:net:1997:12)
    at Server.listen (node:net:2102:7)
    at AppServer (file:///C:/Users/jpatel/Desktop/career-bridge/backend/app.js:98:12)
    at process.processTicksAndRejections (node:internal/process/task_queues:103:5)
19-11-2025 13:53:16 [error]: listen EADDRINUSE: address already in use :::5000
Stack: Error: listen EADDRINUSE: address already in use :::5000
    at Server.setupListenHandle [as _listen2] (node:net:1940:16)
    at listenInCluster (node:net:1997:12)
    at Server.listen (node:net:2102:7)
    at AppServer (file:///C:/Users/jpatel/Desktop/career-bridge/backend/app.js:98:12)
    at process.processTicksAndRejections (node:internal/process/task_queues:103:5)
19-11-2025 13:57:31 [error]: listen EADDRINUSE: address already in use :::5000
Stack: Error: listen EADDRINUSE: address already in use :::5000
    at Server.setupListenHandle [as _listen2] (node:net:1940:16)
    at listenInCluster (node:net:1997:12)
    at Server.listen (node:net:2102:7)
    at AppServer (file:///C:/Users/jpatel/Desktop/career-bridge/backend/app.js:98:12)
    at process.processTicksAndRejections (node:internal/process/task_queues:103:5)
